[0m18:16:47.018364 [debug] [MainThread]: Sending event: {'category': 'dbt', 'action': 'invocation', 'label': 'start', 'context': [<snowplow_tracker.self_describing_json.SelfDescribingJson object at 0x1093c9130>, <snowplow_tracker.self_describing_json.SelfDescribingJson object at 0x108d21580>, <snowplow_tracker.self_describing_json.SelfDescribingJson object at 0x108d21550>]}


============================== 18:16:47.030080 | eae8a252-1bc9-4d2a-bbdf-cb7337788b08 ==============================
[0m18:16:47.030080 [info ] [MainThread]: Running with dbt=1.11.5
[0m18:16:47.031356 [debug] [MainThread]: running dbt with arguments {'empty': 'None', 'send_anonymous_usage_stats': 'True', 'warn_error_options': 'WarnErrorOptionsV2(error=[], warn=[], silence=[])', 'partial_parse': 'True', 'debug': 'False', 'profiles_dir': '/Users/pavankumarreddykolli/.dbt', 'use_experimental_parser': 'False', 'log_cache_events': 'False', 'log_path': 'logs', 'warn_error': 'None', 'fail_fast': 'False', 'cache_selected_only': 'False', 'quiet': 'False', 'log_format': 'default', 'indirect_selection': 'eager', 'no_print': 'None', 'version_check': 'True', 'introspect': 'True', 'static_parser': 'True', 'write_json': 'True', 'invocation_command': 'dbt debug', 'target_path': 'None', 'use_colors': 'True', 'printer_width': '80'}
[0m18:16:47.183824 [info ] [MainThread]: dbt version: 1.11.5
[0m18:16:47.184991 [info ] [MainThread]: python version: 3.12.6
[0m18:16:47.185624 [info ] [MainThread]: python path: /Users/pavankumarreddykolli/Desktop/Air BnB Data Project/DBT_Snowflake/.venv/bin/python3
[0m18:16:47.186213 [info ] [MainThread]: os info: macOS-14.8.3-x86_64-i386-64bit
[0m18:16:47.186956 [info ] [MainThread]: Using profiles dir at /Users/pavankumarreddykolli/.dbt
[0m18:16:47.187548 [info ] [MainThread]: Using profiles.yml file at /Users/pavankumarreddykolli/.dbt/profiles.yml
[0m18:16:47.188120 [info ] [MainThread]: Using dbt_project.yml file at /Users/pavankumarreddykolli/Desktop/Air BnB Data Project/DBT_Snowflake/dbt_project.yml
[0m18:16:47.188748 [info ] [MainThread]: Configuration:
[0m18:16:47.189300 [info ] [MainThread]:   profiles.yml file [[31mERROR not found[0m]
[0m18:16:47.191314 [info ] [MainThread]:   dbt_project.yml file [[31mERROR not found[0m]
[0m18:16:47.192398 [info ] [MainThread]: Required dependencies:
[0m18:16:47.193706 [debug] [MainThread]: Executing "git --help"
[0m18:16:47.261494 [debug] [MainThread]: STDOUT: "b"usage: git [-v | --version] [-h | --help] [-C <path>] [-c <name>=<value>]\n           [--exec-path[=<path>]] [--html-path] [--man-path] [--info-path]\n           [-p | --paginate | -P | --no-pager] [--no-replace-objects] [--bare]\n           [--git-dir=<path>] [--work-tree=<path>] [--namespace=<name>]\n           [--super-prefix=<path>] [--config-env=<name>=<envvar>]\n           <command> [<args>]\n\nThese are common Git commands used in various situations:\n\nstart a working area (see also: git help tutorial)\n   clone     Clone a repository into a new directory\n   init      Create an empty Git repository or reinitialize an existing one\n\nwork on the current change (see also: git help everyday)\n   add       Add file contents to the index\n   mv        Move or rename a file, a directory, or a symlink\n   restore   Restore working tree files\n   rm        Remove files from the working tree and from the index\n\nexamine the history and state (see also: git help revisions)\n   bisect    Use binary search to find the commit that introduced a bug\n   diff      Show changes between commits, commit and working tree, etc\n   grep      Print lines matching a pattern\n   log       Show commit logs\n   show      Show various types of objects\n   status    Show the working tree status\n\ngrow, mark and tweak your common history\n   branch    List, create, or delete branches\n   commit    Record changes to the repository\n   merge     Join two or more development histories together\n   rebase    Reapply commits on top of another base tip\n   reset     Reset current HEAD to the specified state\n   switch    Switch branches\n   tag       Create, list, delete or verify a tag object signed with GPG\n\ncollaborate (see also: git help workflows)\n   fetch     Download objects and refs from another repository\n   pull      Fetch from and integrate with another repository or a local branch\n   push      Update remote refs along with associated objects\n\n'git help -a' and 'git help -g' list available subcommands and some\nconcept guides. See 'git help <command>' or 'git help <concept>'\nto read about a specific subcommand or concept.\nSee 'git help git' for an overview of the system.\n""
[0m18:16:47.262973 [debug] [MainThread]: STDERR: "b''"
[0m18:16:47.263713 [info ] [MainThread]:  - git [[32mOK found[0m]

[0m18:16:47.264507 [info ] [MainThread]: Connection test skipped since no profile was found
[0m18:16:47.265614 [info ] [MainThread]: [31m2 checks failed:[0m
[0m18:16:47.266434 [info ] [MainThread]: dbt looked for a profiles.yml file in /Users/pavankumarreddykolli/.dbt/profiles.yml, but did
not find one. For more information on configuring your profile, consult the
documentation:

https://docs.getdbt.com/docs/configure-your-profile


[0m18:16:47.267335 [info ] [MainThread]: Project loading failed for the following reason:
 project path </Users/pavankumarreddykolli/Desktop/Air BnB Data Project/DBT_Snowflake/dbt_project.yml> not found

[0m18:16:47.358402 [debug] [MainThread]: Resource report: {"command_name": "debug", "command_success": false, "command_wall_clock_time": 0.47594625, "process_in_blocks": "0", "process_kernel_time": 0.786382, "process_mem_max_rss": "100597760", "process_out_blocks": "0", "process_user_time": 2.934573}
[0m18:16:47.359460 [debug] [MainThread]: Command `dbt debug` failed at 18:16:47.359253 after 0.48 seconds
[0m18:16:47.360340 [debug] [MainThread]: Sending event: {'category': 'dbt', 'action': 'invocation', 'label': 'end', 'context': [<snowplow_tracker.self_describing_json.SelfDescribingJson object at 0x10994cad0>, <snowplow_tracker.self_describing_json.SelfDescribingJson object at 0x108d230e0>, <snowplow_tracker.self_describing_json.SelfDescribingJson object at 0x109a63da0>]}
[0m18:16:47.361123 [debug] [MainThread]: Flushing usage events
[0m18:16:47.799507 [debug] [MainThread]: An error was encountered while trying to flush usage events
[0m18:29:06.145461 [debug] [MainThread]: Sending event: {'category': 'dbt', 'action': 'invocation', 'label': 'start', 'context': [<snowplow_tracker.self_describing_json.SelfDescribingJson object at 0x10f0a1d30>, <snowplow_tracker.self_describing_json.SelfDescribingJson object at 0x10eba5430>, <snowplow_tracker.self_describing_json.SelfDescribingJson object at 0x10eba54c0>]}


============================== 18:29:06.154243 | 2d8a2d4f-4c9a-4757-8276-631eb50b8545 ==============================
[0m18:29:06.154243 [info ] [MainThread]: Running with dbt=1.11.5
[0m18:29:06.155438 [debug] [MainThread]: running dbt with arguments {'log_path': 'logs', 'static_parser': 'True', 'target_path': 'None', 'profiles_dir': '/Users/pavankumarreddykolli/.dbt', 'warn_error': 'None', 'use_colors': 'True', 'debug': 'False', 'invocation_command': 'dbt debug', 'use_experimental_parser': 'False', 'indirect_selection': 'eager', 'introspect': 'True', 'no_print': 'None', 'log_format': 'default', 'version_check': 'True', 'write_json': 'True', 'cache_selected_only': 'False', 'send_anonymous_usage_stats': 'True', 'partial_parse': 'True', 'empty': 'None', 'printer_width': '80', 'quiet': 'False', 'log_cache_events': 'False', 'fail_fast': 'False', 'warn_error_options': 'WarnErrorOptionsV2(error=[], warn=[], silence=[])'}
[0m18:29:06.204034 [info ] [MainThread]: dbt version: 1.11.5
[0m18:29:06.205036 [info ] [MainThread]: python version: 3.12.6
[0m18:29:06.205825 [info ] [MainThread]: python path: /Users/pavankumarreddykolli/Desktop/Air BnB Data Project/DBT_Snowflake/.venv/bin/python3
[0m18:29:06.206557 [info ] [MainThread]: os info: macOS-14.8.3-x86_64-i386-64bit
[0m18:29:06.207352 [info ] [MainThread]: Using profiles dir at /Users/pavankumarreddykolli/.dbt
[0m18:29:06.208272 [info ] [MainThread]: Using profiles.yml file at /Users/pavankumarreddykolli/.dbt/profiles.yml
[0m18:29:06.209125 [info ] [MainThread]: Using dbt_project.yml file at /Users/pavankumarreddykolli/Desktop/Air BnB Data Project/DBT_Snowflake/dbt_project.yml
[0m18:29:06.210242 [info ] [MainThread]: Configuration:
[0m18:29:06.211028 [info ] [MainThread]:   profiles.yml file [[31mERROR not found[0m]
[0m18:29:06.211698 [info ] [MainThread]:   dbt_project.yml file [[31mERROR not found[0m]
[0m18:29:06.212333 [info ] [MainThread]: Required dependencies:
[0m18:29:06.213139 [debug] [MainThread]: Executing "git --help"
[0m18:29:06.270908 [debug] [MainThread]: STDOUT: "b"usage: git [-v | --version] [-h | --help] [-C <path>] [-c <name>=<value>]\n           [--exec-path[=<path>]] [--html-path] [--man-path] [--info-path]\n           [-p | --paginate | -P | --no-pager] [--no-replace-objects] [--bare]\n           [--git-dir=<path>] [--work-tree=<path>] [--namespace=<name>]\n           [--super-prefix=<path>] [--config-env=<name>=<envvar>]\n           <command> [<args>]\n\nThese are common Git commands used in various situations:\n\nstart a working area (see also: git help tutorial)\n   clone     Clone a repository into a new directory\n   init      Create an empty Git repository or reinitialize an existing one\n\nwork on the current change (see also: git help everyday)\n   add       Add file contents to the index\n   mv        Move or rename a file, a directory, or a symlink\n   restore   Restore working tree files\n   rm        Remove files from the working tree and from the index\n\nexamine the history and state (see also: git help revisions)\n   bisect    Use binary search to find the commit that introduced a bug\n   diff      Show changes between commits, commit and working tree, etc\n   grep      Print lines matching a pattern\n   log       Show commit logs\n   show      Show various types of objects\n   status    Show the working tree status\n\ngrow, mark and tweak your common history\n   branch    List, create, or delete branches\n   commit    Record changes to the repository\n   merge     Join two or more development histories together\n   rebase    Reapply commits on top of another base tip\n   reset     Reset current HEAD to the specified state\n   switch    Switch branches\n   tag       Create, list, delete or verify a tag object signed with GPG\n\ncollaborate (see also: git help workflows)\n   fetch     Download objects and refs from another repository\n   pull      Fetch from and integrate with another repository or a local branch\n   push      Update remote refs along with associated objects\n\n'git help -a' and 'git help -g' list available subcommands and some\nconcept guides. See 'git help <command>' or 'git help <concept>'\nto read about a specific subcommand or concept.\nSee 'git help git' for an overview of the system.\n""
[0m18:29:06.272306 [debug] [MainThread]: STDERR: "b''"
[0m18:29:06.272918 [info ] [MainThread]:  - git [[32mOK found[0m]

[0m18:29:06.273668 [info ] [MainThread]: Connection test skipped since no profile was found
[0m18:29:06.274599 [info ] [MainThread]: [31m2 checks failed:[0m
[0m18:29:06.275645 [info ] [MainThread]: dbt looked for a profiles.yml file in /Users/pavankumarreddykolli/.dbt/profiles.yml, but did
not find one. For more information on configuring your profile, consult the
documentation:

https://docs.getdbt.com/docs/configure-your-profile


[0m18:29:06.276359 [info ] [MainThread]: Project loading failed for the following reason:
 project path </Users/pavankumarreddykolli/Desktop/Air BnB Data Project/DBT_Snowflake/dbt_project.yml> not found

[0m18:29:06.284394 [debug] [MainThread]: Resource report: {"command_name": "debug", "command_success": false, "command_wall_clock_time": 0.24943163, "process_in_blocks": "0", "process_kernel_time": 0.330058, "process_mem_max_rss": "97460224", "process_out_blocks": "0", "process_user_time": 2.295591}
[0m18:29:06.285647 [debug] [MainThread]: Command `dbt debug` failed at 18:29:06.285360 after 0.25 seconds
[0m18:29:06.286766 [debug] [MainThread]: Sending event: {'category': 'dbt', 'action': 'invocation', 'label': 'end', 'context': [<snowplow_tracker.self_describing_json.SelfDescribingJson object at 0x10f890530>, <snowplow_tracker.self_describing_json.SelfDescribingJson object at 0x10f985d60>, <snowplow_tracker.self_describing_json.SelfDescribingJson object at 0x10f919a60>]}
[0m18:29:06.287818 [debug] [MainThread]: Flushing usage events
[0m18:29:06.646954 [debug] [MainThread]: An error was encountered while trying to flush usage events
